
Checking for convergence by Latin Hypercube Sampling (this may take a bit of time...)

The estimation procedure appears to have converged.

global delta=0.1388161629003394;
global kappa_inv=0.3596865714041956;
givenTree.1_AF104263.synRate=1.074015040562863;
givenTree.3_X7762758.synRate=1.436792139234033;
givenTree.Node6.synRate=0.2530705368706027;
givenTree.2_M9244858.synRate=0.8346130811877837;
givenTree.Node5.synRate=0.06392565577367197;
givenTree.15_M582995.synRate=0;
givenTree.16_M583015.synRate=0.1538310126153311;
givenTree.Node10.synRate=1.460026466859445;
givenTree.Node4.synRate=1.032706038008337;
givenTree.11_M849175.synRate=2.319998481870156;
givenTree.13_U819885.synRate=3.91160196797894;
givenTree.Node15.synRate=0.5617530446444815;
givenTree.12_U819895.synRate=1.735769645755228;
givenTree.17_AJ30988.synRate=2.389126763439732;
givenTree.18_AJ30987.synRate=0.6330442929708225;
givenTree.Node22.synRate=1.293193622376272;
givenTree.19_AF10426.synRate=1.495046165147108;
givenTree.20_U195985.synRate=0.7703904915183877;
givenTree.Node26.synRate=0.587500210340324;
givenTree.21_M583035.synRate=0.1574541730742216;
givenTree.22_M583055.synRate=0;
givenTree.Node29.synRate=1.37455462826784;
givenTree.Node25.synRate=1.483264563244304;
givenTree.Node21.synRate=2.008590093167396;
givenTree.23_AF01807.synRate=0.7083718214167222;
givenTree.24_AF20985.synRate=0.3344288938565025;
givenTree.Node35.synRate=0.2634816730982741;
givenTree.25_AB01544.synRate=1.378158580279176;
givenTree.Node34.synRate=1.0322765052683;
givenTree.26_AB01544.synRate=0.4681975569797245;
givenTree.27_AB01544.synRate=0.8012138787984726;
givenTree.28_AB01544.synRate=1.457659939850436;
givenTree.Node42.synRate=0.785044703989765;
givenTree.Node40.synRate=0.626441651755006;
givenTree.29_AF30942.synRate=1.231016917987059;
givenTree.Node39.synRate=1.354672487326342;
givenTree.Node33.synRate=2.933461230564821;
givenTree.30_L220635.synRate=2.083059228219919;
givenTree.31_AB03794.synRate=0;
givenTree.32_AB03794.synRate=0.5547861310754241;
givenTree.Node49.synRate=0.2807376492240962;
givenTree.33_AB03794.synRate=0.274666570550496;
givenTree.Node48.synRate=1.623201110950777;
givenTree.Node46.synRate=11.46088551363253;
givenTree.Node32.synRate=0.8885443572590292;
givenTree.Node20.synRate=3.371971963615831;
givenTree.Node18.synRate=1.046003057935722;
givenTree.Node14.synRate=0.5919645299856727;
givenTree.14_M586295.synRate=2.565633107130359;
givenTree.Node13.synRate=0.5924637255944082;
givenTree.Node3.synRate=0.4798951074412239;
givenTree.10_L220665.synRate=1.866695464124333;
givenTree.Node2.synRate=0.3726287713238993;
givenTree.4_U2566758.synRate=0;
givenTree.5_M2826758.synRate=0.1543769602950499;
givenTree.Node56.synRate=1.865304945503989;
givenTree.6_D0107558.synRate=0.8127106038229681;
givenTree.Node55.synRate=1.157044748683085;
givenTree.Node1.synRate=0.5859994342137754;
givenTree.7_X6337358.synRate=0;
givenTree.9_X0445158.synRate=0.07858651119349876;
givenTree.Node60.synRate=1.152183055112344;
givenTree.8_X8525358.synRate=2.134036943809628;
global P_1_aux=0.00159672076332985;
global P_0=0.003326244439924313;P_0:<1;
global omega_0=0.08333595644557037;omega_0:<1;givenTree.Node29.nonSynRate=omega_BG*givenTree.Node29.synRate;
givenTree.22_M583055.nonSynRate=omega_BG*givenTree.22_M583055.synRate;
givenTree.21_M583035.nonSynRate=omega_BG*givenTree.21_M583035.synRate;
givenTree.Node26.nonSynRate=omega_BG*givenTree.Node26.synRate;
givenTree.20_U195985.nonSynRate=omega_BG*givenTree.20_U195985.synRate;
givenTree.19_AF10426.nonSynRate=omega_BG*givenTree.19_AF10426.synRate;
givenTree.Node22.nonSynRate=omega_BG*givenTree.Node22.synRate;
givenTree.18_AJ30987.nonSynRate=omega_BG*givenTree.18_AJ30987.synRate;
givenTree.17_AJ30988.nonSynRate=omega_BG*givenTree.17_AJ30988.synRate;
givenTree.12_U819895.nonSynRate=omega_BG*givenTree.12_U819895.synRate;
givenTree.Node15.nonSynRate=omega_BG*givenTree.Node15.synRate;
givenTree.13_U819885.nonSynRate=omega_BG*givenTree.13_U819885.synRate;
givenTree.11_M849175.nonSynRate=omega_BG*givenTree.11_M849175.synRate;
givenTree.Node4.nonSynRate=omega_BG*givenTree.Node4.synRate;
givenTree.Node10.nonSynRate=omega_BG*givenTree.Node10.synRate;
givenTree.16_M583015.nonSynRate=omega_BG*givenTree.16_M583015.synRate;
givenTree.15_M582995.nonSynRate=omega_BG*givenTree.15_M582995.synRate;
givenTree.Node5.nonSynRate=omega_BG*givenTree.Node5.synRate;
givenTree.2_M9244858.nonSynRate=omega_BG*givenTree.2_M9244858.synRate;
givenTree.Node6.nonSynRate=omega_BG*givenTree.Node6.synRate;
givenTree.3_X7762758.nonSynRate=omega_BG*givenTree.3_X7762758.synRate;
givenTree.1_AF104263.nonSynRate=omega_BG*givenTree.1_AF104263.synRate;
global P_1=Min(P_1_aux,1-P_0);
P_1:<1;givenTree.Node25.nonSynRate=omega_BG*givenTree.Node25.synRate;
givenTree.Node21.nonSynRate=omega_BG*givenTree.Node21.synRate;
givenTree.23_AF01807.nonSynRate=omega_BG*givenTree.23_AF01807.synRate;
givenTree.24_AF20985.nonSynRate=omega_BG*givenTree.24_AF20985.synRate;
givenTree.Node35.nonSynRate=omega_BG*givenTree.Node35.synRate;
givenTree.25_AB01544.nonSynRate=omega_BG*givenTree.25_AB01544.synRate;
givenTree.Node34.nonSynRate=omega_BG*givenTree.Node34.synRate;
givenTree.26_AB01544.nonSynRate=omega_BG*givenTree.26_AB01544.synRate;
givenTree.27_AB01544.nonSynRate=omega_BG*givenTree.27_AB01544.synRate;
givenTree.28_AB01544.nonSynRate=omega_BG*givenTree.28_AB01544.synRate;
givenTree.Node42.nonSynRate=omega_BG*givenTree.Node42.synRate;
givenTree.Node40.nonSynRate=omega_BG*givenTree.Node40.synRate;
givenTree.29_AF30942.nonSynRate=omega_BG*givenTree.29_AF30942.synRate;
givenTree.Node39.nonSynRate=omega_BG*givenTree.Node39.synRate;
givenTree.Node33.nonSynRate=omega_BG*givenTree.Node33.synRate;
givenTree.30_L220635.nonSynRate=omega_BG*givenTree.30_L220635.synRate;
givenTree.31_AB03794.nonSynRate=omega_BG*givenTree.31_AB03794.synRate;
givenTree.32_AB03794.nonSynRate=omega_BG*givenTree.32_AB03794.synRate;
givenTree.Node49.nonSynRate=omega_BG*givenTree.Node49.synRate;
givenTree.33_AB03794.nonSynRate=omega_BG*givenTree.33_AB03794.synRate;
givenTree.Node48.nonSynRate=omega_BG*givenTree.Node48.synRate;
givenTree.Node46.nonSynRate=omega_BG*givenTree.Node46.synRate;
givenTree.Node32.nonSynRate=omega_BG*givenTree.Node32.synRate;
givenTree.Node20.nonSynRate=omega_BG*givenTree.Node20.synRate;
givenTree.Node18.nonSynRate=omega_BG*givenTree.Node18.synRate;
givenTree.Node14.nonSynRate=omega_BG*givenTree.Node14.synRate;
givenTree.14_M586295.nonSynRate=omega_BG*givenTree.14_M586295.synRate;
givenTree.Node13.nonSynRate=omega_BG*givenTree.Node13.synRate;
givenTree.Node3.nonSynRate=omega_BG*givenTree.Node3.synRate;
givenTree.10_L220665.nonSynRate=omega_BG*givenTree.10_L220665.synRate;
givenTree.Node2.nonSynRate=omega_BG*givenTree.Node2.synRate;
givenTree.4_U2566758.nonSynRate=omega_BG*givenTree.4_U2566758.synRate;
givenTree.5_M2826758.nonSynRate=omega_BG*givenTree.5_M2826758.synRate;
givenTree.Node56.nonSynRate=omega_BG*givenTree.Node56.synRate;
givenTree.6_D0107558.nonSynRate=omega_BG*givenTree.6_D0107558.synRate;
givenTree.Node55.nonSynRate=omega_BG*givenTree.Node55.synRate;
givenTree.Node1.nonSynRate=omega_BG*givenTree.Node1.synRate;
givenTree.7_X6337358.nonSynRate=omega_BG*givenTree.7_X6337358.synRate;
givenTree.9_X0445158.nonSynRate=omega_BG*givenTree.9_X0445158.synRate;
givenTree.Node60.nonSynRate=omega_BG*givenTree.Node60.synRate;
givenTree.8_X8525358.nonSynRate=omega_BG*givenTree.8_X8525358.synRate;
global omega_BG=((site_kind==1)+(site_kind==3))*omega_0+(site_kind==2)+(site_kind==4);

Tree givenTree=(((((((1_AF104263:0.02450720709579461,3_X7762758:0.03278516704138951)Node6:0.005774641716080108,2_M9244858:0.01904445920497425)Node5:0.001458675368232108,(15_M582995:0,16_M583015:0.003510163583876783)Node10:0.0333153351091934)Node4:0.02356460550988574,(((11_M849175:0.05293844230274822,13_U819885:0.08925614249809632)Node15:0.01281825456986203,(12_U819895:0.03960732817747494,(((17_AJ30988:0.05451583279414607,18_AJ30987:0.01444500030513194)Node22:0.02950849170783197,((19_AF10426:0.03411442540677266,20_U195985:0.0175790083073488)Node26:0.01340576135329315,(21_M583035:0.003592837978884128,22_M583055:0)Node29:0.03136501228305778)Node25:0.033845589173715)Node21:0.04583262945555897,((((23_AF01807:0.01616384712749168,24_AF20985:0.007631101847757702)Node35:0.006012206239850986,25_AB01544:0.03144724837377281)Node34:0.0235548042990861,((26_AB01544:0.01068347654110495,(27_AB01544:0.01828234588358146,28_AB01544:0.03326133496457986)Node42:0.01791339265607598)Node40:0.01429433919747142,29_AF30942:0.02808972445276461)Node39:0.03091133544692545)Node33:0.06693662487935031,(30_L220635:0.0475318891922013,((31_AB03794:0,32_AB03794:0.01265928138307506)Node49:0.006405958435661939,33_AB03794:0.006267426686357176)Node48:0.03703870456352907)Node46:0.2615180273793787)Node32:0.02027507972861779)Node20:0.07694269829800357)Node18:0.02386802101973426)Node14:0.01350762957855844,14_M586295:0.05854340908980074)Node13:0.0135190203782238)Node3:0.01095039486240072,10_L220665:0.04259483396070549)Node2:0.008502758456623096,((4_U2566758:0,5_M2826758:0.003522621186745489)Node56:0.04256310467711782,6_D0107558:0.01854468170799508)Node55:0.02640180463414868)Node1:0.01337151617985638,(7_X6337358:0,9_X0445158:0.001793211297809872)Node60:0.02629086900785431,8_X8525358:0.04869511446004551);
mles:{
{0.1388161629003394, 0.3596865714041956, 1.074015040562863, 1.436792139234033, 0.2530705368706027, 0.8346130811877837, 0.06392565577367197, 0, 0.1538310126153311, 1.460026466859445, 1.032706038008337, 2.319998481870156, 3.91160196797894, 0.5617530446444815, 1.735769645755228, 2.389126763439732, 0.6330442929708225, 1.293193622376272, 1.495046165147108, 0.7703904915183877, 0.587500210340324, 0.1574541730742216, 0, 1.37455462826784, 1.483264563244304, 2.008590093167396, 0.7083718214167222, 0.3344288938565025, 0.2634816730982741, 1.378158580279176, 1.0322765052683, 0.4681975569797245, 0.8012138787984726, 1.457659939850436, 0.785044703989765, 0.626441651755006, 1.231016917987059, 1.354672487326342, 2.933461230564821, 2.083059228219919, 0, 0.5547861310754241, 0.2807376492240962, 0.274666570550496, 1.623201110950777, 11.46088551363253, 0.8885443572590292, 3.371971963615831, 1.046003057935722, 0.5919645299856727, 2.565633107130359, 0.5924637255944082, 0.4798951074412239, 1.866695464124333, 0.3726287713238993, 0, 0.1543769602950499, 1.865304945503989, 0.8127106038229681, 1.157044748683085, 0.5859994342137754, 0, 0.07858651119349876, 1.152183055112344, 2.134036943809628, 0.00159672076332985, 0.003326244439924313, 0.08333595644557037, 1.37455462826784, 0, 0.1574541730742216, 0.587500210340324, 0.7703904915183877, 1.495046165147108, 1.293193622376272, 0.6330442929708225, 2.389126763439732, 1.735769645755228, 0.5617530446444815, 3.91160196797894, 2.319998481870156, 1.032706038008337, 1.460026466859445, 0.1538310126153311, 0, 0.06392565577367197, 0.8346130811877837, 0.2530705368706027, 1.436792139234033, 1.074015040562863, 0.00159672076332985, 1.483264563244304, 2.008590093167396, 0.7083718214167222, 0.3344288938565025, 0.2634816730982741, 1.378158580279176, 1.0322765052683, 0.4681975569797245, 0.8012138787984726, 1.457659939850436, 0.785044703989765, 0.626441651755006, 1.231016917987059, 1.354672487326342, 2.933461230564821, 2.083059228219919, 0, 0.5547861310754241, 0.2807376492240962, 0.274666570550496, 1.623201110950777, 11.46088551363253, 0.8885443572590292, 3.371971963615831, 1.046003057935722, 0.5919645299856727, 2.565633107130359, 0.5924637255944082, 0.4798951074412239, 1.866695464124333, 0.3726287713238993, 0, 0.1543769602950499, 1.865304945503989, 0.8127106038229681, 1.157044748683085, 0.5859994342137754, 0, 0.07858651119349876, 1.152183055112344, 2.134036943809628, 1} 
{-5214.603984107608, 68, 5, 0, 0, 0, 0, 0, 0, 0, 0, 0, 0, 0, 0, 0, 0, 0, 0, 0, 0, 0, 0, 0, 0, 0, 0, 0, 0, 0, 0, 0, 0, 0, 0, 0, 0, 0, 0, 0, 0, 0, 0, 0, 0, 0, 0, 0, 0, 0, 0, 0, 0, 0, 0, 0, 0, 0, 0, 0, 0, 0, 0, 0, 0, 0, 0, 0, 0, 0, 0, 0, 0, 0, 0, 0, 0, 0, 0, 0, 0, 0, 0, 0, 0, 0, 0, 0, 0, 0, 0, 0, 0, 0, 0, 0, 0, 0, 0, 0, 0, 0, 0, 0, 0, 0, 0, 0, 0, 0, 0, 0, 0, 0, 0, 0, 0, 0, 0, 0, 0, 0, 0, 0, 0, 0, 0, 0, 0, 0, 0, 0, 0} 
}
Inferred rate distribution:
	Class 0.  omega_0 = 0.083 weight = 0.003
	Class 1.  omega  := 1.000 weight = 0.002
	Class 2a. Background omega_0 = 0.083 foreground omega_2 = 1.000 weight = 0.672
	Class 2b. Background omega  := 1.000 foreground omega_2 = 1.000 weight = 0.323
