
Checking for convergence by Latin Hypercube Sampling (this may take a bit of time...)

The estimation procedure appears to have converged.

global delta=0.1386113751045815;
global kappa_inv=0.3594522540102437;
givenTree.1_AF104263.synRate=1.074637057260845;
givenTree.3_X7762758.synRate=1.438660018732676;
givenTree.Node6.synRate=0.253307571074096;
givenTree.2_M9244858.synRate=0.8352412080804413;
givenTree.Node5.synRate=0.06384811075285;
givenTree.15_M582995.synRate=0;
givenTree.16_M583015.synRate=0.1539423170221881;
givenTree.Node10.synRate=1.461163001010993;
givenTree.Node4.synRate=1.034637319678622;
givenTree.11_M849175.synRate=2.321794037738234;
givenTree.13_U819885.synRate=3.908339427012578;
givenTree.Node15.synRate=0.5624580494172136;
givenTree.12_U819895.synRate=1.736892029466183;
givenTree.17_AJ30988.synRate=2.387461307527974;
givenTree.18_AJ30987.synRate=0.633647720462523;
givenTree.Node22.synRate=1.29434811373367;
givenTree.19_AF10426.synRate=1.495468051256058;
givenTree.20_U195985.synRate=0.770909469766821;
givenTree.Node26.synRate=0.5876103920577295;
givenTree.21_M583035.synRate=0.1576634407336307;
givenTree.22_M583055.synRate=0;
givenTree.Node29.synRate=1.374324012584782;
givenTree.Node25.synRate=1.483226102041568;
givenTree.Node21.synRate=2.007685657440065;
givenTree.23_AF01807.synRate=0.7087396212668068;
givenTree.24_AF20985.synRate=0.3343344595083584;
givenTree.Node35.synRate=0.2635929106770005;
givenTree.25_AB01544.synRate=1.378420340451375;
givenTree.Node34.synRate=1.032668453526896;
givenTree.26_AB01544.synRate=0.4687442598750266;
givenTree.27_AB01544.synRate=0.8028411101176992;
givenTree.28_AB01544.synRate=1.45791597634929;
givenTree.Node42.synRate=0.7857819956261364;
givenTree.Node40.synRate=0.6267940141016541;
givenTree.29_AF30942.synRate=1.229889426631829;
givenTree.Node39.synRate=1.356423297812051;
givenTree.Node33.synRate=2.93623292047886;
givenTree.30_L220635.synRate=2.085220579371803;
givenTree.31_AB03794.synRate=0;
givenTree.32_AB03794.synRate=0.5553666048259027;
givenTree.Node49.synRate=0.2807101290708138;
givenTree.33_AB03794.synRate=0.2752850200193428;
givenTree.Node48.synRate=1.625643138967258;
givenTree.Node46.synRate=11.51973461888733;
givenTree.Node32.synRate=0.8878600091056579;
givenTree.Node20.synRate=3.377368256417872;
givenTree.Node18.synRate=1.04618138507926;
givenTree.Node14.synRate=0.5918788270063093;
givenTree.14_M586295.synRate=2.571503767100308;
givenTree.Node13.synRate=0.5923175720586048;
givenTree.Node3.synRate=0.4802757855214663;
givenTree.10_L220665.synRate=1.867948871557807;
givenTree.Node2.synRate=0.3725628332212532;
givenTree.4_U2566758.synRate=0;
givenTree.5_M2826758.synRate=0.1544709442120118;
givenTree.Node56.synRate=1.86528374101986;
givenTree.6_D0107558.synRate=0.8127088719253758;
givenTree.Node55.synRate=1.159784206692418;
givenTree.Node1.synRate=0.585825563900213;
givenTree.7_X6337358.synRate=0;
givenTree.9_X0445158.synRate=0.07862605048322423;
givenTree.Node60.synRate=1.153616293923842;
givenTree.8_X8525358.synRate=2.138126599338746;
global P_1_aux=0.001588856644047553;
global P_0=0.003311090737360925;P_0:<1;
global omega_0=0.08330812670992277;omega_0:<1;givenTree.Node29.nonSynRate=omega_BG*givenTree.Node29.synRate;
givenTree.22_M583055.nonSynRate=omega_BG*givenTree.22_M583055.synRate;
givenTree.21_M583035.nonSynRate=omega_BG*givenTree.21_M583035.synRate;
givenTree.Node26.nonSynRate=omega_BG*givenTree.Node26.synRate;
givenTree.20_U195985.nonSynRate=omega_BG*givenTree.20_U195985.synRate;
givenTree.19_AF10426.nonSynRate=omega_BG*givenTree.19_AF10426.synRate;
givenTree.Node22.nonSynRate=omega_BG*givenTree.Node22.synRate;
givenTree.18_AJ30987.nonSynRate=omega_BG*givenTree.18_AJ30987.synRate;
givenTree.17_AJ30988.nonSynRate=omega_BG*givenTree.17_AJ30988.synRate;
givenTree.12_U819895.nonSynRate=omega_BG*givenTree.12_U819895.synRate;
givenTree.Node15.nonSynRate=omega_BG*givenTree.Node15.synRate;
givenTree.13_U819885.nonSynRate=omega_BG*givenTree.13_U819885.synRate;
givenTree.11_M849175.nonSynRate=omega_BG*givenTree.11_M849175.synRate;
givenTree.Node4.nonSynRate=omega_BG*givenTree.Node4.synRate;
givenTree.Node10.nonSynRate=omega_BG*givenTree.Node10.synRate;
givenTree.16_M583015.nonSynRate=omega_BG*givenTree.16_M583015.synRate;
givenTree.15_M582995.nonSynRate=omega_BG*givenTree.15_M582995.synRate;
givenTree.Node5.nonSynRate=omega_BG*givenTree.Node5.synRate;
givenTree.2_M9244858.nonSynRate=omega_BG*givenTree.2_M9244858.synRate;
givenTree.Node6.nonSynRate=omega_BG*givenTree.Node6.synRate;
givenTree.3_X7762758.nonSynRate=omega_BG*givenTree.3_X7762758.synRate;
givenTree.1_AF104263.nonSynRate=omega_BG*givenTree.1_AF104263.synRate;
global P_1=Min(P_1_aux,1-P_0);
P_1:<1;givenTree.Node25.nonSynRate=omega_BG*givenTree.Node25.synRate;
givenTree.Node21.nonSynRate=omega_BG*givenTree.Node21.synRate;
givenTree.23_AF01807.nonSynRate=omega_BG*givenTree.23_AF01807.synRate;
givenTree.24_AF20985.nonSynRate=omega_BG*givenTree.24_AF20985.synRate;
givenTree.Node35.nonSynRate=omega_BG*givenTree.Node35.synRate;
givenTree.25_AB01544.nonSynRate=omega_BG*givenTree.25_AB01544.synRate;
givenTree.Node34.nonSynRate=omega_BG*givenTree.Node34.synRate;
givenTree.26_AB01544.nonSynRate=omega_BG*givenTree.26_AB01544.synRate;
givenTree.27_AB01544.nonSynRate=omega_BG*givenTree.27_AB01544.synRate;
givenTree.28_AB01544.nonSynRate=omega_BG*givenTree.28_AB01544.synRate;
givenTree.Node42.nonSynRate=omega_BG*givenTree.Node42.synRate;
givenTree.Node40.nonSynRate=omega_BG*givenTree.Node40.synRate;
givenTree.29_AF30942.nonSynRate=omega_BG*givenTree.29_AF30942.synRate;
givenTree.Node39.nonSynRate=omega_BG*givenTree.Node39.synRate;
givenTree.Node33.nonSynRate=omega_BG*givenTree.Node33.synRate;
givenTree.30_L220635.nonSynRate=omega_BG*givenTree.30_L220635.synRate;
givenTree.31_AB03794.nonSynRate=omega_BG*givenTree.31_AB03794.synRate;
givenTree.32_AB03794.nonSynRate=omega_BG*givenTree.32_AB03794.synRate;
givenTree.Node49.nonSynRate=omega_BG*givenTree.Node49.synRate;
givenTree.33_AB03794.nonSynRate=omega_BG*givenTree.33_AB03794.synRate;
givenTree.Node48.nonSynRate=omega_BG*givenTree.Node48.synRate;
givenTree.Node46.nonSynRate=omega_BG*givenTree.Node46.synRate;
givenTree.Node32.nonSynRate=omega_BG*givenTree.Node32.synRate;
givenTree.Node20.nonSynRate=omega_BG*givenTree.Node20.synRate;
givenTree.Node18.nonSynRate=omega_BG*givenTree.Node18.synRate;
givenTree.Node14.nonSynRate=omega_BG*givenTree.Node14.synRate;
givenTree.14_M586295.nonSynRate=omega_BG*givenTree.14_M586295.synRate;
givenTree.Node13.nonSynRate=omega_BG*givenTree.Node13.synRate;
givenTree.Node3.nonSynRate=omega_BG*givenTree.Node3.synRate;
givenTree.10_L220665.nonSynRate=omega_BG*givenTree.10_L220665.synRate;
givenTree.Node2.nonSynRate=omega_BG*givenTree.Node2.synRate;
givenTree.4_U2566758.nonSynRate=omega_BG*givenTree.4_U2566758.synRate;
givenTree.5_M2826758.nonSynRate=omega_BG*givenTree.5_M2826758.synRate;
givenTree.Node56.nonSynRate=omega_BG*givenTree.Node56.synRate;
givenTree.6_D0107558.nonSynRate=omega_BG*givenTree.6_D0107558.synRate;
givenTree.Node55.nonSynRate=omega_BG*givenTree.Node55.synRate;
givenTree.Node1.nonSynRate=omega_BG*givenTree.Node1.synRate;
givenTree.7_X6337358.nonSynRate=omega_BG*givenTree.7_X6337358.synRate;
givenTree.9_X0445158.nonSynRate=omega_BG*givenTree.9_X0445158.synRate;
givenTree.Node60.nonSynRate=omega_BG*givenTree.Node60.synRate;
givenTree.8_X8525358.nonSynRate=omega_BG*givenTree.8_X8525358.synRate;
global omega_BG=((site_kind==1)+(site_kind==3))*omega_0+(site_kind==2)+(site_kind==4);

Tree givenTree=(((((((1_AF104263:0.02450698516825437,3_X7762758:0.03280849055318238)Node6:0.005776652540851873,2_M9244858:0.01904758798334812)Node5:0.001456049456576068,(15_M582995:0,16_M583015:0.003510638363472823)Node10:0.03332166869943203)Node4:0.02359479535585368,(((11_M849175:0.05294826905711388,13_U819885:0.08912926994574326)Node15:0.0128267967140157,(12_U819895:0.03960964021981882,(((17_AJ30988:0.05444580424436942,18_AJ30987:0.01445026968161211)Node22:0.02951747272393708,((19_AF10426:0.03410399176550503,20_U195985:0.01758050945106812)Node26:0.01340039324493115,(21_M583035:0.003595498198697586,22_M583055:0)Node29:0.03134131469339037)Node25:0.03382481540004938)Node21:0.04578506045084007,((((23_AF01807:0.0161627325888166,24_AF20985:0.007624462217311077)Node35:0.006011208629715311,25_AB01544:0.03143473101994691)Node34:0.02354989557015146,((26_AB01544:0.0106896635909265,(27_AB01544:0.01830870715390157,28_AB01544:0.03324762064321841)Node42:0.01791967584048868)Node40:0.01429397162823814,29_AF30942:0.02804749913788157)Node39:0.03093309077400059)Node33:0.06696048321293763,(30_L220635:0.04755323619814411,((31_AB03794:0,32_AB03794:0.01266507706527798)Node49:0.006401564996513408,33_AB03794:0.00627784595466363)Node48:0.03707262096199498)Node46:0.2627063374930433)Node32:0.02024755421155838)Node20:0.0770205281946419)Node18:0.02385805655426789)Node14:0.01349773445540748,14_M586295:0.05864287319578333)Node13:0.01350773999022187)Node3:0.01095263882156385,10_L220665:0.04259837773229991)Node2:0.008496256262806191,((4_U2566758:0,5_M2826758:0.003522693650988751)Node56:0.04253759971043316,6_D0107558:0.01853374042502377)Node55:0.02644875696380133)Node1:0.01335969042634823,(7_X6337358:0,9_X0445158:0.001793058819265228)Node60:0.02630809836123657,8_X8525358:0.04875975242413955);
mles:{
{0.1386113751045815, 0.3594522540102437, 1.074637057260845, 1.438660018732676, 0.253307571074096, 0.8352412080804413, 0.06384811075285, 0, 0.1539423170221881, 1.461163001010993, 1.034637319678622, 2.321794037738234, 3.908339427012578, 0.5624580494172136, 1.736892029466183, 2.387461307527974, 0.633647720462523, 1.29434811373367, 1.495468051256058, 0.770909469766821, 0.5876103920577295, 0.1576634407336307, 0, 1.374324012584782, 1.483226102041568, 2.007685657440065, 0.7087396212668068, 0.3343344595083584, 0.2635929106770005, 1.378420340451375, 1.032668453526896, 0.4687442598750266, 0.8028411101176992, 1.45791597634929, 0.7857819956261364, 0.6267940141016541, 1.229889426631829, 1.356423297812051, 2.93623292047886, 2.085220579371803, 0, 0.5553666048259027, 0.2807101290708138, 0.2752850200193428, 1.625643138967258, 11.51973461888733, 0.8878600091056579, 3.377368256417872, 1.04618138507926, 0.5918788270063093, 2.571503767100308, 0.5923175720586048, 0.4802757855214663, 1.867948871557807, 0.3725628332212532, 0, 0.1544709442120118, 1.86528374101986, 0.8127088719253758, 1.159784206692418, 0.585825563900213, 0, 0.07862605048322423, 1.153616293923842, 2.138126599338746, 0.001588856644047553, 0.003311090737360925, 0.08330812670992277, 1.374324012584782, 0, 0.1576634407336307, 0.5876103920577295, 0.770909469766821, 1.495468051256058, 1.29434811373367, 0.633647720462523, 2.387461307527974, 1.736892029466183, 0.5624580494172136, 3.908339427012578, 2.321794037738234, 1.034637319678622, 1.461163001010993, 0.1539423170221881, 0, 0.06384811075285, 0.8352412080804413, 0.253307571074096, 1.438660018732676, 1.074637057260845, 0.001588856644047553, 1.483226102041568, 2.007685657440065, 0.7087396212668068, 0.3343344595083584, 0.2635929106770005, 1.378420340451375, 1.032668453526896, 0.4687442598750266, 0.8028411101176992, 1.45791597634929, 0.7857819956261364, 0.6267940141016541, 1.229889426631829, 1.356423297812051, 2.93623292047886, 2.085220579371803, 0, 0.5553666048259027, 0.2807101290708138, 0.2752850200193428, 1.625643138967258, 11.51973461888733, 0.8878600091056579, 3.377368256417872, 1.04618138507926, 0.5918788270063093, 2.571503767100308, 0.5923175720586048, 0.4802757855214663, 1.867948871557807, 0.3725628332212532, 0, 0.1544709442120118, 1.86528374101986, 0.8127088719253758, 1.159784206692418, 0.585825563900213, 0, 0.07862605048322423, 1.153616293923842, 2.138126599338746, 1} 
{-5214.603204812784, 68, 5, 0, 0, 0, 0, 0, 0, 0, 0, 0, 0, 0, 0, 0, 0, 0, 0, 0, 0, 0, 0, 0, 0, 0, 0, 0, 0, 0, 0, 0, 0, 0, 0, 0, 0, 0, 0, 0, 0, 0, 0, 0, 0, 0, 0, 0, 0, 0, 0, 0, 0, 0, 0, 0, 0, 0, 0, 0, 0, 0, 0, 0, 0, 0, 0, 0, 0, 0, 0, 0, 0, 0, 0, 0, 0, 0, 0, 0, 0, 0, 0, 0, 0, 0, 0, 0, 0, 0, 0, 0, 0, 0, 0, 0, 0, 0, 0, 0, 0, 0, 0, 0, 0, 0, 0, 0, 0, 0, 0, 0, 0, 0, 0, 0, 0, 0, 0, 0, 0, 0, 0, 0, 0, 0, 0, 0, 0, 0, 0, 0, 0} 
}
Inferred rate distribution:
	Class 0.  omega_0 = 0.083 weight = 0.003
	Class 1.  omega  := 1.000 weight = 0.002
	Class 2a. Background omega_0 = 0.083 foreground omega_2 = 1.000 weight = 0.672
	Class 2b. Background omega  := 1.000 foreground omega_2 = 1.000 weight = 0.323
