
Checking for convergence by Latin Hypercube Sampling (this may take a bit of time...)

The estimation procedure appears to have converged.

global delta=0.1347081718642259;
global kappa_inv=0.5705508745738985;
givenTree.EELA.synRate=6.7186986796962;
givenTree.CONGERA.synRate=5.26708895997452;
givenTree.Node2.synRate=5.703929313437142;
givenTree.EELB.synRate=4.260832258387751;
givenTree.CONGERB.synRate=5.400943408458273;
givenTree.Node5.synRate=6.160614732416024;
givenTree.Node1.synRate=2.090149168940548;
givenTree.CAVEFISH.synRate=10.81779242188718;
givenTree.GOLDFISH.synRate=8.840777604271176;
givenTree.ZEBRAFISH.synRate=10.48956762974264;
givenTree.Node11.synRate=5.486472728734926;
givenTree.Node9.synRate=2.177387965086584;
givenTree.NSAM.synRate=0.187601140230969;
givenTree.NARG.synRate=0.4304771885582155;
givenTree.Node19.synRate=1.164993137359927;
givenTree.SPUN.synRate=1.644026174299834;
givenTree.SMIC.synRate=0.7161462563191275;
givenTree.SDIA.synRate=0.5219393438830483;
givenTree.SXAN.synRate=1.284494797531514;
givenTree.Node23.synRate=1.301086582218979;
givenTree.Node18.synRate=0.2874926480014036;
givenTree.NAUR.synRate=2.254551823826594;
givenTree.SSPI.synRate=0.6060008225838031;
givenTree.STIE.synRate=0.3948186222153469;
givenTree.Node29.synRate=1.511534781975417;
givenTree.Node27.synRate=2.40576060665453;
givenTree.Node17.synRate=2.382753366204346;
givenTree.MVIO.synRate=0.4428121163617607;
givenTree.MBER.synRate=0.9979597043492719;
givenTree.Node32.synRate=4.49690869935058;
givenTree.Node16.synRate=3.685110493940233;
givenTree.BFNKILLIFISH.synRate=7.924164631821609;
givenTree.ONIL.synRate=0.5793299421944741;
givenTree.XCAU.synRate=1.914646652248148;
givenTree.Node38.synRate=5.000991702625401;
givenTree.Node36.synRate=1.377697540354668;
givenTree.THORNYHEAD.synRate=5.861559549301543;
givenTree.Node35.synRate=2.331991369546738;
givenTree.Node15.synRate=4.044336335760765;
givenTree.LAMPFISH.synRate=16.25146190315026;
givenTree.SCABBARDA.synRate=5.368669818895142;
givenTree.SCABBARDB.synRate=6.077573723186724;
givenTree.Node44.synRate=7.066574406143208;
givenTree.VIPERFISH.synRate=8.564971336362712;
givenTree.BLACKDRAGON.synRate=2.411831596436721;
givenTree.Node48.synRate=3.439678554203169;
givenTree.LOOSEJAW.synRate=8.757656199754502;
givenTree.Node47.synRate=7.013365773116561;
givenTree.Node43.synRate=3.741001789818059;
givenTree.Node14.synRate=4.907408624892668;
givenTree.Node8.synRate=5.541081574031429;
givenTree.COELACANTH.synRate=13.05349269808391;
givenTree.CLAWEDFROG.synRate=10.32734881059119;
givenTree.SALAMANDER.synRate=8.195394393621292;
givenTree.Node55.synRate=2.674415248688869;
givenTree.CHAMELEON.synRate=18.54447383035447;
givenTree.PIGEON.synRate=3.568762128513049;
givenTree.CHICKEN.synRate=4.111912294398716;
givenTree.Node62.synRate=2.56436570460097;
givenTree.ZEBRAFINCH.synRate=2.123722956454699;
givenTree.Node61.synRate=7.483907533002554;
givenTree.Node59.synRate=0.8428587969213837;
givenTree.BOVINE.synRate=3.97111884240558;
givenTree.DOLPHIN.synRate=4.375704571474059;
givenTree.Node67.synRate=2.56541067458097;
givenTree.ELEPHANT.synRate=5.462236620451752;
givenTree.Node66.synRate=9.298082111139399;
givenTree.Node58.synRate=2.079919626318087;
givenTree.Node54.synRate=3.597631209026634;
givenTree.Node52.synRate=7.799891768031247;
global P_1_aux=0.000237974675847629;
global P_0=0.008165553070872331;P_0:<1;
global omega_0=0.05119620825579645;omega_0:<1;givenTree.STIE.nonSynRate=omega_BG*givenTree.STIE.synRate;
givenTree.SSPI.nonSynRate=omega_BG*givenTree.SSPI.synRate;
givenTree.NAUR.nonSynRate=omega_BG*givenTree.NAUR.synRate;
givenTree.Node18.nonSynRate=omega_BG*givenTree.Node18.synRate;
givenTree.Node23.nonSynRate=omega_BG*givenTree.Node23.synRate;
givenTree.SXAN.nonSynRate=omega_BG*givenTree.SXAN.synRate;
givenTree.SDIA.nonSynRate=omega_BG*givenTree.SDIA.synRate;
givenTree.SMIC.nonSynRate=omega_BG*givenTree.SMIC.synRate;
givenTree.SPUN.nonSynRate=omega_BG*givenTree.SPUN.synRate;
givenTree.Node19.nonSynRate=omega_BG*givenTree.Node19.synRate;
givenTree.NARG.nonSynRate=omega_BG*givenTree.NARG.synRate;
givenTree.NSAM.nonSynRate=omega_BG*givenTree.NSAM.synRate;
givenTree.Node9.nonSynRate=omega_BG*givenTree.Node9.synRate;
givenTree.Node11.nonSynRate=omega_BG*givenTree.Node11.synRate;
givenTree.ZEBRAFISH.nonSynRate=omega_BG*givenTree.ZEBRAFISH.synRate;
givenTree.GOLDFISH.nonSynRate=omega_BG*givenTree.GOLDFISH.synRate;
givenTree.CAVEFISH.nonSynRate=omega_BG*givenTree.CAVEFISH.synRate;
givenTree.Node1.nonSynRate=omega_BG*givenTree.Node1.synRate;
givenTree.Node5.nonSynRate=omega_BG*givenTree.Node5.synRate;
givenTree.CONGERB.nonSynRate=omega_BG*givenTree.CONGERB.synRate;
givenTree.EELB.nonSynRate=omega_BG*givenTree.EELB.synRate;
givenTree.Node2.nonSynRate=omega_BG*givenTree.Node2.synRate;
givenTree.CONGERA.nonSynRate=omega_BG*givenTree.CONGERA.synRate;
givenTree.EELA.nonSynRate=omega_BG*givenTree.EELA.synRate;
global P_1=Min(P_1_aux,1-P_0);
P_1:<1;givenTree.Node29.nonSynRate=omega_BG*givenTree.Node29.synRate;
givenTree.Node27.nonSynRate=omega_BG*givenTree.Node27.synRate;
givenTree.Node17.nonSynRate=omega_BG*givenTree.Node17.synRate;
givenTree.MVIO.nonSynRate=omega_BG*givenTree.MVIO.synRate;
givenTree.MBER.nonSynRate=omega_BG*givenTree.MBER.synRate;
givenTree.Node32.nonSynRate=omega_BG*givenTree.Node32.synRate;
givenTree.Node16.nonSynRate=omega_BG*givenTree.Node16.synRate;
givenTree.BFNKILLIFISH.nonSynRate=omega_BG*givenTree.BFNKILLIFISH.synRate;
givenTree.ONIL.nonSynRate=omega_BG*givenTree.ONIL.synRate;
givenTree.XCAU.nonSynRate=omega_BG*givenTree.XCAU.synRate;
givenTree.Node38.nonSynRate=omega_BG*givenTree.Node38.synRate;
givenTree.Node36.nonSynRate=omega_BG*givenTree.Node36.synRate;
givenTree.THORNYHEAD.nonSynRate=omega_BG*givenTree.THORNYHEAD.synRate;
givenTree.Node35.nonSynRate=omega_BG*givenTree.Node35.synRate;
givenTree.Node15.nonSynRate=omega_BG*givenTree.Node15.synRate;
givenTree.LAMPFISH.nonSynRate=omega_BG*givenTree.LAMPFISH.synRate;
givenTree.SCABBARDA.nonSynRate=omega_BG*givenTree.SCABBARDA.synRate;
givenTree.SCABBARDB.nonSynRate=omega_BG*givenTree.SCABBARDB.synRate;
givenTree.Node44.nonSynRate=omega_BG*givenTree.Node44.synRate;
givenTree.VIPERFISH.nonSynRate=omega_BG*givenTree.VIPERFISH.synRate;
givenTree.BLACKDRAGON.nonSynRate=omega_BG*givenTree.BLACKDRAGON.synRate;
givenTree.Node48.nonSynRate=omega_BG*givenTree.Node48.synRate;
givenTree.LOOSEJAW.nonSynRate=omega_BG*givenTree.LOOSEJAW.synRate;
givenTree.Node47.nonSynRate=omega_BG*givenTree.Node47.synRate;
givenTree.Node43.nonSynRate=omega_BG*givenTree.Node43.synRate;
givenTree.Node14.nonSynRate=omega_BG*givenTree.Node14.synRate;
givenTree.Node8.nonSynRate=omega_BG*givenTree.Node8.synRate;
givenTree.COELACANTH.nonSynRate=omega_BG*givenTree.COELACANTH.synRate;
givenTree.CLAWEDFROG.nonSynRate=omega_BG*givenTree.CLAWEDFROG.synRate;
givenTree.SALAMANDER.nonSynRate=omega_BG*givenTree.SALAMANDER.synRate;
givenTree.Node55.nonSynRate=omega_BG*givenTree.Node55.synRate;
givenTree.CHAMELEON.nonSynRate=omega_BG*givenTree.CHAMELEON.synRate;
givenTree.PIGEON.nonSynRate=omega_BG*givenTree.PIGEON.synRate;
givenTree.CHICKEN.nonSynRate=omega_BG*givenTree.CHICKEN.synRate;
givenTree.Node62.nonSynRate=omega_BG*givenTree.Node62.synRate;
givenTree.ZEBRAFINCH.nonSynRate=omega_BG*givenTree.ZEBRAFINCH.synRate;
givenTree.Node61.nonSynRate=omega_BG*givenTree.Node61.synRate;
givenTree.Node59.nonSynRate=omega_BG*givenTree.Node59.synRate;
givenTree.BOVINE.nonSynRate=omega_BG*givenTree.BOVINE.synRate;
givenTree.DOLPHIN.nonSynRate=omega_BG*givenTree.DOLPHIN.synRate;
givenTree.Node67.nonSynRate=omega_BG*givenTree.Node67.synRate;
givenTree.ELEPHANT.nonSynRate=omega_BG*givenTree.ELEPHANT.synRate;
givenTree.Node66.nonSynRate=omega_BG*givenTree.Node66.synRate;
givenTree.Node58.nonSynRate=omega_BG*givenTree.Node58.synRate;
givenTree.Node54.nonSynRate=omega_BG*givenTree.Node54.synRate;
givenTree.Node52.nonSynRate=omega_BG*givenTree.Node52.synRate;
global omega_BG=((site_kind==1)+(site_kind==3))*omega_0+(site_kind==2)+(site_kind==4);

Tree givenTree=(((EELA:0.08075402963107978,CONGERA:0.06330670241674666)Node2:0.06855721602501094,(EELB:0.05121220504897877,CONGERB:0.06491553868317647)Node5:0.07404625335418148)Node1:0.0251221220014043,((CAVEFISH:0.1300222515440219,(GOLDFISH:0.1062599248236245,ZEBRAFISH:0.1260772205411295)Node11:0.06594354091890976)Node9:0.02617067093398941,((((((NSAM:0.002254833675279668,NARG:0.005174032844393898)Node19:0.01400239760992259,SPUN:0.01976003757913471,(SMIC:0.008607573990146054,SDIA:0.006273343581984232,SXAN:0.01543872346207348)Node23:0.01563814503701822)Node18:0.003455459296840012,(NAUR:0.02709812620951333,(SSPI:0.007283703395015769,STIE:0.004745441972808032)Node29:0.01816758428844589)Node27:0.02891554936109286)Node17:0.0286390185229622,(MVIO:0.005322289995492938,MBER:0.01199477330024998)Node32:0.05404967772301363)Node16:0.04429243462290659,((BFNKILLIFISH:0.09524288199044706,(ONIL:0.006963138183220276,XCAU:0.02301270526626537)Node38:0.06010840065785747)Node36:0.01655895483639955,THORNYHEAD:0.07045182052278602)Node35:0.02802889504851484)Node15:0.04861007642492532,LAMPFISH:0.1953311345902931,((SCABBARDA:0.06452763285019721,SCABBARDB:0.07304815886600902)Node44:0.08493525103431541,((VIPERFISH:0.1029449275908377,BLACKDRAGON:0.02898851838562172)Node48:0.04134251543783665,LOOSEJAW:0.1052608640406782)Node47:0.0842957207126105)Node43:0.04496420866407272)Node14:0.05898359792559083)Node8:0.06659990080665419,(COELACANTH:0.1568937954184036,((CLAWEDFROG:0.1241274645016061,SALAMANDER:0.09850287284066789)Node55:0.03214458908405738,((CHAMELEON:0.2228915241748787,((PIGEON:0.04289400915435166,CHICKEN:0.04942229188901354)Node62:0.03082187101500362,ZEBRAFINCH:0.02552565529869872)Node61:0.08995130150764215)Node59:0.01013056955018608,((BOVINE:0.04773005368394633,DOLPHIN:0.05259288940721542)Node67:0.03083443081873224,ELEPHANT:0.06565223995428171)Node66:0.1117564031535221)Node58:0.02499917009844985)Node54:0.04324099518458696)Node52:0.0937492096286854);
mles:{
{0.1347081718642259, 0.5705508745738985, 6.7186986796962, 5.26708895997452, 5.703929313437142, 4.260832258387751, 5.400943408458273, 6.160614732416024, 2.090149168940548, 10.81779242188718, 8.840777604271176, 10.48956762974264, 5.486472728734926, 2.177387965086584, 0.187601140230969, 0.4304771885582155, 1.164993137359927, 1.644026174299834, 0.7161462563191275, 0.5219393438830483, 1.284494797531514, 1.301086582218979, 0.2874926480014036, 2.254551823826594, 0.6060008225838031, 0.3948186222153469, 1.511534781975417, 2.40576060665453, 2.382753366204346, 0.4428121163617607, 0.9979597043492719, 4.49690869935058, 3.685110493940233, 7.924164631821609, 0.5793299421944741, 1.914646652248148, 5.000991702625401, 1.377697540354668, 5.861559549301543, 2.331991369546738, 4.044336335760765, 16.25146190315026, 5.368669818895142, 6.077573723186724, 7.066574406143208, 8.564971336362712, 2.411831596436721, 3.439678554203169, 8.757656199754502, 7.013365773116561, 3.741001789818059, 4.907408624892668, 5.541081574031429, 13.05349269808391, 10.32734881059119, 8.195394393621292, 2.674415248688869, 18.54447383035447, 3.568762128513049, 4.111912294398716, 2.56436570460097, 2.123722956454699, 7.483907533002554, 0.8428587969213837, 3.97111884240558, 4.375704571474059, 2.56541067458097, 5.462236620451752, 9.298082111139399, 2.079919626318087, 3.597631209026634, 7.799891768031247, 0.000237974675847629, 0.008165553070872331, 0.05119620825579645, 0.3948186222153469, 0.6060008225838031, 2.254551823826594, 0.2874926480014036, 1.301086582218979, 1.284494797531514, 0.5219393438830483, 0.7161462563191275, 1.644026174299834, 1.164993137359927, 0.4304771885582155, 0.187601140230969, 2.177387965086584, 5.486472728734926, 10.48956762974264, 8.840777604271176, 10.81779242188718, 2.090149168940548, 6.160614732416024, 5.400943408458273, 4.260832258387751, 5.703929313437142, 5.26708895997452, 6.7186986796962, 0.000237974675847629, 1.511534781975417, 2.40576060665453, 2.382753366204346, 0.4428121163617607, 0.9979597043492719, 4.49690869935058, 3.685110493940233, 7.924164631821609, 0.5793299421944741, 1.914646652248148, 5.000991702625401, 1.377697540354668, 5.861559549301543, 2.331991369546738, 4.044336335760765, 16.25146190315026, 5.368669818895142, 6.077573723186724, 7.066574406143208, 8.564971336362712, 2.411831596436721, 3.439678554203169, 8.757656199754502, 7.013365773116561, 3.741001789818059, 4.907408624892668, 5.541081574031429, 13.05349269808391, 10.32734881059119, 8.195394393621292, 2.674415248688869, 18.54447383035447, 3.568762128513049, 4.111912294398716, 2.56436570460097, 2.123722956454699, 7.483907533002554, 0.8428587969213837, 3.97111884240558, 4.375704571474059, 2.56541067458097, 5.462236620451752, 9.298082111139399, 2.079919626318087, 3.597631209026634, 7.799891768031247, 1} 
{-13145.15632471977, 75, 5, 0, 0, 0, 0, 0, 0, 0, 0, 0, 0, 0, 0, 0, 0, 0, 0, 0, 0, 0, 0, 0, 0, 0, 0, 0, 0, 0, 0, 0, 0, 0, 0, 0, 0, 0, 0, 0, 0, 0, 0, 0, 0, 0, 0, 0, 0, 0, 0, 0, 0, 0, 0, 0, 0, 0, 0, 0, 0, 0, 0, 0, 0, 0, 0, 0, 0, 0, 0, 0, 0, 0, 0, 0, 0, 0, 0, 0, 0, 0, 0, 0, 0, 0, 0, 0, 0, 0, 0, 0, 0, 0, 0, 0, 0, 0, 0, 0, 0, 0, 0, 0, 0, 0, 0, 0, 0, 0, 0, 0, 0, 0, 0, 0, 0, 0, 0, 0, 0, 0, 0, 0, 0, 0, 0, 0, 0, 0, 0, 0, 0, 0, 0, 0, 0, 0, 0, 0, 0, 0, 0, 0, 0, 0, 0} 
}
Inferred rate distribution:
	Class 0.  omega_0 = 0.051 weight = 0.008
	Class 1.  omega  := 1.000 weight = 0.000
	Class 2a. Background omega_0 = 0.051 foreground omega_2 = 1.000 weight = 0.964
	Class 2b. Background omega  := 1.000 foreground omega_2 = 1.000 weight = 0.028
